{"C:\\Users\\HP\\Desktop\\vps\\controllers\\api.controller.js": {"path":"C:\\Users\\HP\\Desktop\\vps\\controllers\\api.controller.js","statementMap":{"0":{"start":{"line":1,"column":12},"end":{"line":5,"column":1}},"1":{"start":{"line":7,"column":22},"end":{"line":55,"column":1}},"2":{"start":{"line":9,"column":8},"end":{"line":12,"column":11}},"3":{"start":{"line":16,"column":32},"end":{"line":16,"column":40}},"4":{"start":{"line":18,"column":8},"end":{"line":23,"column":9}},"5":{"start":{"line":19,"column":12},"end":{"line":22,"column":15}},"6":{"start":{"line":25,"column":24},"end":{"line":29,"column":9}},"7":{"start":{"line":31,"column":8},"end":{"line":31,"column":28}},"8":{"start":{"line":33,"column":8},"end":{"line":36,"column":11}},"9":{"start":{"line":40,"column":23},"end":{"line":40,"column":46}},"10":{"start":{"line":41,"column":21},"end":{"line":41,"column":53}},"11":{"start":{"line":41,"column":37},"end":{"line":41,"column":52}},"12":{"start":{"line":43,"column":8},"end":{"line":48,"column":9}},"13":{"start":{"line":44,"column":12},"end":{"line":47,"column":15}},"14":{"start":{"line":50,"column":8},"end":{"line":53,"column":11}},"15":{"start":{"line":57,"column":0},"end":{"line":57,"column":31}}},"fnMap":{"0":{"name":"(anonymous_0)","decl":{"start":{"line":8,"column":14},"end":{"line":8,"column":15}},"loc":{"start":{"line":8,"column":28},"end":{"line":13,"column":5}},"line":8},"1":{"name":"(anonymous_1)","decl":{"start":{"line":15,"column":16},"end":{"line":15,"column":17}},"loc":{"start":{"line":15,"column":30},"end":{"line":37,"column":5}},"line":15},"2":{"name":"(anonymous_2)","decl":{"start":{"line":39,"column":17},"end":{"line":39,"column":18}},"loc":{"start":{"line":39,"column":31},"end":{"line":54,"column":5}},"line":39},"3":{"name":"(anonymous_3)","decl":{"start":{"line":41,"column":32},"end":{"line":41,"column":33}},"loc":{"start":{"line":41,"column":37},"end":{"line":41,"column":52}},"line":41}},"branchMap":{"0":{"loc":{"start":{"line":18,"column":8},"end":{"line":23,"column":9}},"type":"if","locations":[{"start":{"line":18,"column":8},"end":{"line":23,"column":9}},{"start":{},"end":{}}],"line":18},"1":{"loc":{"start":{"line":18,"column":12},"end":{"line":18,"column":27}},"type":"binary-expr","locations":[{"start":{"line":18,"column":12},"end":{"line":18,"column":17}},{"start":{"line":18,"column":21},"end":{"line":18,"column":27}}],"line":18},"2":{"loc":{"start":{"line":43,"column":8},"end":{"line":48,"column":9}},"type":"if","locations":[{"start":{"line":43,"column":8},"end":{"line":48,"column":9}},{"start":{},"end":{}}],"line":43}},"s":{"0":1,"1":1,"2":1,"3":2,"4":2,"5":1,"6":1,"7":1,"8":1,"9":2,"10":2,"11":5,"12":2,"13":1,"14":1,"15":1},"f":{"0":1,"1":2,"2":2,"3":5},"b":{"0":[1,1],"1":[2,2],"2":[1,1]},"_coverageSchema":"1a1c01bbd47fc00a2c39e90264f33305004495a9","hash":"77f45b722e82593d7395899d5af53de14b95cd40"}
,"C:\\Users\\HP\\Desktop\\vps\\routes\\api.routes.js": {"path":"C:\\Users\\HP\\Desktop\\vps\\routes\\api.routes.js","statementMap":{"0":{"start":{"line":1,"column":16},"end":{"line":1,"column":34}},"1":{"start":{"line":2,"column":15},"end":{"line":2,"column":31}},"2":{"start":{"line":3,"column":22},"end":{"line":3,"column":62}},"3":{"start":{"line":5,"column":0},"end":{"line":5,"column":45}},"4":{"start":{"line":6,"column":0},"end":{"line":6,"column":48}},"5":{"start":{"line":7,"column":0},"end":{"line":7,"column":52}},"6":{"start":{"line":9,"column":0},"end":{"line":9,"column":24}}},"fnMap":{},"branchMap":{},"s":{"0":1,"1":1,"2":1,"3":1,"4":1,"5":1,"6":1},"f":{},"b":{},"_coverageSchema":"1a1c01bbd47fc00a2c39e90264f33305004495a9","hash":"73d193d45ee33916b278ed39fe47961e72d6c8c1"}
,"C:\\Users\\HP\\Desktop\\vps\\src\\index.js": {"path":"C:\\Users\\HP\\Desktop\\vps\\src\\index.js","statementMap":{"0":{"start":{"line":1,"column":16},"end":{"line":1,"column":34}},"1":{"start":{"line":2,"column":13},"end":{"line":2,"column":28}},"2":{"start":{"line":3,"column":13},"end":{"line":3,"column":28}},"3":{"start":{"line":4,"column":0},"end":{"line":4,"column":27}},"4":{"start":{"line":6,"column":18},"end":{"line":6,"column":49}},"5":{"start":{"line":8,"column":12},"end":{"line":8,"column":21}},"6":{"start":{"line":9,"column":13},"end":{"line":9,"column":37}},"7":{"start":{"line":11,"column":0},"end":{"line":11,"column":16}},"8":{"start":{"line":12,"column":0},"end":{"line":12,"column":24}},"9":{"start":{"line":13,"column":0},"end":{"line":13,"column":48}},"10":{"start":{"line":15,"column":0},"end":{"line":15,"column":59}},"11":{"start":{"line":17,"column":0},"end":{"line":17,"column":27}},"12":{"start":{"line":19,"column":0},"end":{"line":21,"column":3}},"13":{"start":{"line":20,"column":4},"end":{"line":20,"column":63}},"14":{"start":{"line":23,"column":0},"end":{"line":29,"column":3}},"15":{"start":{"line":24,"column":4},"end":{"line":24,"column":29}},"16":{"start":{"line":25,"column":4},"end":{"line":28,"column":7}},"17":{"start":{"line":31,"column":0},"end":{"line":35,"column":1}},"18":{"start":{"line":32,"column":4},"end":{"line":34,"column":7}},"19":{"start":{"line":33,"column":8},"end":{"line":33,"column":63}},"20":{"start":{"line":37,"column":0},"end":{"line":37,"column":21}}},"fnMap":{"0":{"name":"(anonymous_0)","decl":{"start":{"line":19,"column":13},"end":{"line":19,"column":14}},"loc":{"start":{"line":19,"column":27},"end":{"line":21,"column":1}},"line":19},"1":{"name":"(anonymous_1)","decl":{"start":{"line":23,"column":8},"end":{"line":23,"column":9}},"loc":{"start":{"line":23,"column":33},"end":{"line":29,"column":1}},"line":23},"2":{"name":"(anonymous_2)","decl":{"start":{"line":32,"column":21},"end":{"line":32,"column":22}},"loc":{"start":{"line":32,"column":27},"end":{"line":34,"column":5}},"line":32}},"branchMap":{"0":{"loc":{"start":{"line":9,"column":13},"end":{"line":9,"column":37}},"type":"binary-expr","locations":[{"start":{"line":9,"column":13},"end":{"line":9,"column":29}},{"start":{"line":9,"column":33},"end":{"line":9,"column":37}}],"line":9},"1":{"loc":{"start":{"line":31,"column":0},"end":{"line":35,"column":1}},"type":"if","locations":[{"start":{"line":31,"column":0},"end":{"line":35,"column":1}},{"start":{},"end":{}}],"line":31}},"s":{"0":1,"1":1,"2":1,"3":1,"4":1,"5":1,"6":1,"7":1,"8":1,"9":1,"10":1,"11":1,"12":1,"13":0,"14":1,"15":0,"16":0,"17":1,"18":0,"19":0,"20":1},"f":{"0":0,"1":0,"2":0},"b":{"0":[1,0],"1":[0,1]},"_coverageSchema":"1a1c01bbd47fc00a2c39e90264f33305004495a9","hash":"c7a3fb39a5feb450573a79e59fc64bc05a073cc3"}
}
